{
  "RSpec": {
    "coverage": {
      "/Users/Maximus225/Documents/Turing/module_4/final_assessment/app/helpers/application_helper.rb": [
        1,
        null
      ],
      "/Users/Maximus225/Documents/Turing/module_4/final_assessment/app/models/driver.rb": [
        1,
        1,
        1,
        1,
        null,
        1,
        null,
        1,
        null,
        null,
        1,
        null,
        1,
        null,
        null,
        1,
        null,
        1,
        null,
        1,
        null,
        null,
        1,
        null,
        1,
        56,
        null,
        null,
        1,
        42,
        null,
        null,
        1,
        null,
        1,
        41,
        null,
        null,
        1,
        66,
        null,
        null
      ],
      "/Users/Maximus225/Documents/Turing/module_4/final_assessment/app/models/ride.rb": [
        1,
        1,
        1,
        null,
        1,
        null,
        1,
        null,
        1,
        null,
        1,
        null,
        1,
        null,
        null,
        1,
        4,
        null,
        null,
        1,
        4,
        null,
        null,
        1,
        8,
        null,
        null,
        1,
        7,
        null,
        null
      ],
      "/Users/Maximus225/Documents/Turing/module_4/final_assessment/app/models/rider.rb": [
        1,
        1,
        1,
        1,
        null,
        1,
        null,
        1,
        null,
        null,
        1,
        null,
        1,
        null,
        1,
        null,
        1,
        31,
        null,
        null,
        1,
        46,
        null,
        null,
        1,
        null,
        1,
        50,
        null,
        null,
        1,
        50,
        null,
        null
      ],
      "/Users/Maximus225/Documents/Turing/module_4/final_assessment/app/controllers/driver_sessions_controller.rb": [
        1,
        null,
        1,
        null,
        null,
        1,
        12,
        12,
        11,
        11,
        null,
        1,
        1,
        null,
        null,
        null,
        1,
        0,
        0,
        null,
        null
      ],
      "/Users/Maximus225/Documents/Turing/module_4/final_assessment/app/controllers/application_controller.rb": [
        1,
        null,
        null,
        1,
        1,
        null,
        null,
        null,
        null,
        1,
        238,
        null,
        null,
        1,
        247,
        null,
        null,
        1,
        13,
        null,
        null,
        1,
        24,
        null,
        null,
        null
      ],
      "/Users/Maximus225/Documents/Turing/module_4/final_assessment/app/controllers/drivers_controller.rb": [
        1,
        1,
        null,
        1,
        4,
        null,
        null,
        1,
        0,
        0,
        0,
        0,
        0,
        null,
        0,
        0,
        null,
        null,
        null,
        1,
        null,
        null,
        1,
        null,
        1,
        21,
        null,
        null,
        1,
        0,
        null,
        null
      ],
      "/Users/Maximus225/Documents/Turing/module_4/final_assessment/app/controllers/rides_controller.rb": [
        1,
        null,
        1,
        6,
        null,
        null,
        1,
        5,
        5,
        5,
        5,
        5,
        5,
        null,
        0,
        null,
        null,
        null,
        1,
        9,
        9,
        9,
        null,
        null,
        1,
        null,
        1,
        5,
        null,
        null,
        null,
        null,
        null,
        null,
        null,
        null,
        null,
        null,
        null,
        null,
        null,
        null,
        null
      ],
      "/Users/Maximus225/Documents/Turing/module_4/final_assessment/app/models/ride_updater.rb": [
        1,
        1,
        null,
        1,
        9,
        9,
        null,
        null,
        1,
        9,
        5,
        5,
        5,
        5,
        4,
        3,
        3,
        3,
        null,
        1,
        1,
        1,
        null,
        null,
        null
      ],
      "/Users/Maximus225/Documents/Turing/module_4/final_assessment/app/controllers/rider_sessions_controller.rb": [
        1,
        null,
        1,
        null,
        null,
        1,
        14,
        14,
        13,
        13,
        null,
        1,
        1,
        null,
        null,
        null,
        1,
        1,
        1,
        null,
        null
      ],
      "/Users/Maximus225/Documents/Turing/module_4/final_assessment/app/controllers/riders_controller.rb": [
        1,
        1,
        null,
        1,
        4,
        null,
        null,
        1,
        0,
        0,
        0,
        0,
        0,
        null,
        0,
        0,
        null,
        null,
        null,
        1,
        null,
        null,
        null,
        1,
        null,
        1,
        23,
        null,
        null,
        1,
        0,
        null,
        null
      ],
      "/Users/Maximus225/Documents/Turing/module_4/final_assessment/app/models/ride_estimator.rb": [
        1,
        1,
        null,
        1,
        5,
        5,
        5,
        null,
        null,
        1,
        5,
        5,
        null,
        null
      ],
      "/Users/Maximus225/Documents/Turing/module_4/final_assessment/app/controllers/welcome_controller.rb": [
        1,
        null,
        1,
        null,
        null
      ]
    },
    "timestamp": 1443633185
  }
}
